<?xml version="1.0" encoding="UTF-8"?>
<!-- Generated by org.testng.reporters.JUnitXMLReporter -->
<testsuite ignored="0" hostname="NiceKidsLaptop" failures="0" tests="5" name="Test" time="9.889" errors="0" timestamp="2025-04-01T22:21:35 EDT">
  <testcase classname="qa.cart.testPages.HomePageTest" name="homePageTitleTest" time="0.008"/>
  <testcase classname="qa.cart.testPages.HomePageTest" name="homePageURLTest" time="0.001"/>
  <testcase classname="qa.cart.testPages.HomePageTest" name="searchTest" time="0.469"/>
  <testcase classname="qa.cart.testPages.HomePageTest" name="searchTest" time="0.412"/>
  <testcase classname="qa.cart.testPages.HomePageTest" name="searchTest" time="0.452"/>
</testsuite> <!-- Test -->
