<?xml version="1.0" encoding="UTF-8"?>
<!-- Generated by org.testng.reporters.JUnitXMLReporter -->
<testsuite ignored="0" hostname="NiceKidsLaptop" failures="0" tests="4" name="Default test" time="9.436" errors="0" timestamp="2025-04-02T08:40:23 EDT">
  <testcase classname="qa.cart.testPages.LoginPageTest" name="loginPageNavigationTest" time="0.446"/>
  <testcase classname="qa.cart.testPages.LoginPageTest" name="verifyTitle" time="0.009"/>
  <testcase classname="qa.cart.testPages.LoginPageTest" name="verifyForgotPasswordLinkTest" time="0.013"/>
  <testcase classname="qa.cart.testPages.LoginPageTest" name="verifyLogin" time="0.713"/>
</testsuite> <!-- Default test -->
