<?xml version="1.0" encoding="UTF-8"?>
<testng-results ignored="0" total="9" passed="9" failed="0" skipped="0">
  <reporter-output>
  </reporter-output>
  <suite started-at="2025-04-02T10:43:22 EDT" name="regression test" finished-at="2025-04-02T10:43:37 EDT" duration-ms="14399">
    <groups>
    </groups>
    <test started-at="2025-04-02T10:43:22 EDT" name="Home Test" finished-at="2025-04-02T10:43:32 EDT" duration-ms="9387">
      <class name="qa.cart.testPages.HomePageTest">
        <test-method is-config="true" signature="setup()[pri:0, instance:qa.cart.testPages.HomePageTest@6d4d66d2]" started-at="2025-04-02T10:43:23 EDT" name="setup" finished-at="2025-04-02T10:43:30 EDT" duration-ms="7857" status="PASS">
          <reporter-output>
          </reporter-output>
        </test-method> <!-- setup -->
        <test-method signature="homePageTitleTest()[pri:0, instance:qa.cart.testPages.HomePageTest@6d4d66d2]" started-at="2025-04-02T10:43:30 EDT" name="homePageTitleTest" finished-at="2025-04-02T10:43:30 EDT" duration-ms="11" status="PASS">
          <reporter-output>
          </reporter-output>
        </test-method> <!-- homePageTitleTest -->
        <test-method signature="homePageURLTest()[pri:0, instance:qa.cart.testPages.HomePageTest@6d4d66d2]" started-at="2025-04-02T10:43:30 EDT" name="homePageURLTest" finished-at="2025-04-02T10:43:30 EDT" duration-ms="1" status="PASS">
          <reporter-output>
          </reporter-output>
        </test-method> <!-- homePageURLTest -->
        <test-method signature="searchTest(java.lang.String)[pri:0, instance:qa.cart.testPages.HomePageTest@6d4d66d2]" started-at="2025-04-02T10:43:30 EDT" name="searchTest" data-provider="getProductData" finished-at="2025-04-02T10:43:31 EDT" duration-ms="441" status="PASS">
          <params>
            <param index="0">
              <value>
                <![CDATA[ipad]]>
              </value>
            </param>
          </params>
          <reporter-output>
          </reporter-output>
        </test-method> <!-- searchTest -->
        <test-method signature="searchTest(java.lang.String)[pri:0, instance:qa.cart.testPages.HomePageTest@6d4d66d2]" started-at="2025-04-02T10:43:31 EDT" name="searchTest" data-provider="getProductData" finished-at="2025-04-02T10:43:31 EDT" duration-ms="425" status="PASS">
          <params>
            <param index="0">
              <value>
                <![CDATA[iphone]]>
              </value>
            </param>
          </params>
          <reporter-output>
          </reporter-output>
        </test-method> <!-- searchTest -->
        <test-method signature="searchTest(java.lang.String)[pri:0, instance:qa.cart.testPages.HomePageTest@6d4d66d2]" started-at="2025-04-02T10:43:31 EDT" name="searchTest" data-provider="getProductData" finished-at="2025-04-02T10:43:32 EDT" duration-ms="444" status="PASS">
          <params>
            <param index="0">
              <value>
                <![CDATA[macbook]]>
              </value>
            </param>
          </params>
          <reporter-output>
          </reporter-output>
        </test-method> <!-- searchTest -->
        <test-method is-config="true" signature="tearDown()[pri:0, instance:qa.cart.testPages.HomePageTest@6d4d66d2]" started-at="2025-04-02T10:43:32 EDT" name="tearDown" finished-at="2025-04-02T10:43:32 EDT" duration-ms="169" status="PASS">
          <reporter-output>
          </reporter-output>
        </test-method> <!-- tearDown -->
      </class> <!-- qa.cart.testPages.HomePageTest -->
    </test> <!-- Home Test -->
    <test started-at="2025-04-02T10:43:32 EDT" name="Login Test" finished-at="2025-04-02T10:43:37 EDT" duration-ms="4991">
      <class name="qa.cart.testPages.LoginPageTest">
        <test-method is-config="true" signature="setup()[pri:0, instance:qa.cart.testPages.LoginPageTest@1a75e76a]" started-at="2025-04-02T10:43:32 EDT" name="setup" finished-at="2025-04-02T10:43:36 EDT" duration-ms="3603" status="PASS">
          <reporter-output>
          </reporter-output>
        </test-method> <!-- setup -->
        <test-method signature="loginPageNavigationTest()[pri:1, instance:qa.cart.testPages.LoginPageTest@1a75e76a]" started-at="2025-04-02T10:43:36 EDT" name="loginPageNavigationTest" finished-at="2025-04-02T10:43:36 EDT" duration-ms="456" status="PASS">
          <reporter-output>
          </reporter-output>
        </test-method> <!-- loginPageNavigationTest -->
        <test-method signature="verifyTitle()[pri:2, instance:qa.cart.testPages.LoginPageTest@1a75e76a]" started-at="2025-04-02T10:43:36 EDT" name="verifyTitle" finished-at="2025-04-02T10:43:36 EDT" duration-ms="4" status="PASS">
          <reporter-output>
          </reporter-output>
        </test-method> <!-- verifyTitle -->
        <test-method signature="verifyForgotPasswordLinkTest()[pri:3, instance:qa.cart.testPages.LoginPageTest@1a75e76a]" started-at="2025-04-02T10:43:36 EDT" name="verifyForgotPasswordLinkTest" finished-at="2025-04-02T10:43:36 EDT" duration-ms="12" status="PASS">
          <reporter-output>
          </reporter-output>
        </test-method> <!-- verifyForgotPasswordLinkTest -->
        <test-method signature="verifyLogin()[pri:4, instance:qa.cart.testPages.LoginPageTest@1a75e76a]" started-at="2025-04-02T10:43:36 EDT" name="verifyLogin" finished-at="2025-04-02T10:43:37 EDT" duration-ms="724" status="PASS">
          <reporter-output>
          </reporter-output>
        </test-method> <!-- verifyLogin -->
        <test-method is-config="true" signature="tearDown()[pri:0, instance:qa.cart.testPages.LoginPageTest@1a75e76a]" started-at="2025-04-02T10:43:37 EDT" name="tearDown" finished-at="2025-04-02T10:43:37 EDT" duration-ms="183" status="PASS">
          <reporter-output>
          </reporter-output>
        </test-method> <!-- tearDown -->
      </class> <!-- qa.cart.testPages.LoginPageTest -->
    </test> <!-- Login Test -->
  </suite> <!-- regression test -->
</testng-results>
