<?xml version="1.0" encoding="UTF-8"?>
<!-- Generated by org.testng.reporters.JUnitXMLReporter -->
<testsuite ignored="0" hostname="NiceKidsLaptop" failures="0" tests="5" name="Home Test" time="10.812" errors="0" timestamp="2025-04-02T09:03:41 EDT">
  <testcase classname="qa.cart.testPages.HomePageTest" name="homePageTitleTest" time="0.012"/>
  <testcase classname="qa.cart.testPages.HomePageTest" name="homePageURLTest" time="0.001"/>
  <testcase classname="qa.cart.testPages.HomePageTest" name="searchTest" time="0.452"/>
  <testcase classname="qa.cart.testPages.HomePageTest" name="searchTest" time="0.421"/>
  <testcase classname="qa.cart.testPages.HomePageTest" name="searchTest" time="0.459"/>
</testsuite> <!-- Home Test -->
