<?xml version="1.0" encoding="UTF-8"?>
<!-- Generated by org.testng.reporters.JUnitXMLReporter -->
<testsuite ignored="0" hostname="NiceKidsLaptop" failures="0" tests="4" name="Login Test" time="4.991" errors="0" timestamp="2025-04-02T10:43:37 EDT">
  <testcase classname="qa.cart.testPages.LoginPageTest" name="loginPageNavigationTest" time="0.456"/>
  <testcase classname="qa.cart.testPages.LoginPageTest" name="verifyTitle" time="0.004"/>
  <testcase classname="qa.cart.testPages.LoginPageTest" name="verifyForgotPasswordLinkTest" time="0.012"/>
  <testcase classname="qa.cart.testPages.LoginPageTest" name="verifyLogin" time="0.724"/>
</testsuite> <!-- Login Test -->
